2013-03-06 15:11:57.411 AppsGate[4768:c07] Multi-tasking -> Device: YES, App: YES
Terminating in response to SpringBoard's termination.
2013-03-06 15:55:17.140 AppsGate[6629:c07] Multi-tasking -> Device: YES, App: YES
2013-03-06 15:55:17.407 AppsGate[6629:c07] [LOG] sending:
2013-03-06 15:55:17.408 AppsGate[6629:c07] [LOG] sending:
2013-03-06 15:55:17.411 AppsGate[6629:c07] [LOG] received:
2013-03-06 15:55:17.417 AppsGate[6629:c07] [LOG] rendering locations list
2013-03-06 15:55:17.418 AppsGate[6629:c07] [LOG] received:
Terminating in response to SpringBoard's termination.
2013-03-06 15:56:33.380 AppsGate[6690:c07] Multi-tasking -> Device: YES, App: YES
2013-03-06 15:56:33.652 AppsGate[6690:c07] [LOG] sending:
2013-03-06 15:56:33.653 AppsGate[6690:c07] [LOG] sending:
2013-03-06 15:56:33.658 AppsGate[6690:c07] [LOG] received:
2013-03-06 15:56:33.664 AppsGate[6690:c07] [LOG] rendering locations list
2013-03-06 15:56:33.664 AppsGate[6690:c07] [LOG] received:
2013-03-06 16:01:45.512 AppsGate[6849:c07] Multi-tasking -> Device: YES, App: YES
2013-03-06 16:01:45.752 AppsGate[6849:c07] [LOG] sending:
2013-03-06 16:01:45.752 AppsGate[6849:c07] [LOG] sending:
2013-03-06 16:01:45.756 AppsGate[6849:c07] [LOG] received:
2013-03-06 16:01:45.763 AppsGate[6849:c07] [LOG] rendering locations list
2013-03-06 16:01:45.764 AppsGate[6849:c07] [LOG] received:
Terminating in response to SpringBoard's termination.
2013-03-06 16:02:26.357 AppsGate[7045:c07] Multi-tasking -> Device: YES, App: YES
2013-03-06 16:02:26.580 AppsGate[7045:c07] [LOG] sending:
2013-03-06 16:02:26.580 AppsGate[7045:c07] [LOG] sending:
2013-03-06 16:02:26.583 AppsGate[7045:c07] [LOG] received:
2013-03-06 16:02:26.587 AppsGate[7045:c07] [LOG] rendering locations list
2013-03-06 16:02:26.588 AppsGate[7045:c07] [LOG] received:
Terminating in response to SpringBoard's termination.
